(T00000000/0000000003cd5280.0003/----------------) P00000000/0000000003ceeb80.0008 15:49.41.502 [0000000000000001]  <always> [ERR] default_errorsink: unhandled exception: 
{env}: 72 entries:
  CLUTTER_IM_MODULE=xim
  COLORTERM=gnome-terminal
  DBUS_SESSION_BUS_ADDRESS=unix:abstract=/tmp/dbus-6urJPO6RWt
  DEFAULTS_PATH=/usr/share/gconf/gnome-classic.default.path
  DESKTOP_SESSION=gnome-classic
  DISPLAY=:0
  GDMSESSION=gnome-classic
  GDM_LANG=en_US
  GJS_DEBUG_OUTPUT=stderr
  GJS_DEBUG_TOPICS=JS ERROR;JS LOG
  GLIBCPP_FORCE_NEW=1
  GLIBCXX_FORCE_NEW=1
  GNOME_DESKTOP_SESSION_ID=this-is-deprecated
  GNOME_KEYRING_CONTROL=/run/user/1000/keyring-63HUXd
  GPG_AGENT_INFO=/run/user/1000/keyring-63HUXd/gpg:0:1
  GTK_IM_MODULE=ibus
  GTK_MODULES=overlay-scrollbar:unity-gtk-module
  HOME=/home/dmarce1
  IM_CONFIG_PHASE=1
  INSTANCE=
  INTEL_LICENSE_FILE=/opt/intel/composer_xe_2013_sp1.3.174/licenses:/opt/intel/licenses:/home/dmarce1/intel/licenses:/opt/intel/composer_xe_2013_sp1.3.174/licenses:/opt/intel/licenses:/home/dmarce1/intel/licenses:/opt/intel/composer_xe_2013_sp1.3.174/licenses:/opt/intel/licenses:/home/dmarce1/intel/licenses:/opt/intel/composer_xe_2013_sp1.3.174/licenses:/opt/intel/licenses:/home/dmarce1/intel/licenses
  JOB=dbus
  LANG=en_US.UTF-8
  LANGUAGE=en_US
  LD_LIBRARY_PATH=/opt/intel/composer_xe_2013_sp1.3.174/compiler/lib/intel64:/opt/intel/composer_xe_2013_sp1.3.174/mpirt/lib/intel64:/opt/intel/composer_xe_2013_sp1.3.174/compiler/lib/intel64:/opt/intel/composer_xe_2013_sp1.3.174/mpirt/lib/intel64:/opt/intel/composer_xe_2013_sp1.3.174/compiler/lib/intel64:/opt/intel/composer_xe_2013_sp1.3.174/mpirt/lib/intel64:/opt/intel/composer_xe_2013_sp1.3.174/compiler/lib/intel64:/opt/intel/composer_xe_2013_sp1.3.174/mpirt/lib/intel64::/home/dmarce1/lib:/home/dmarce1/lib
  LESSCLOSE=/usr/bin/lesspipe %s %s
  LESSOPEN=| /usr/bin/lesspipe %s
  LIBRARY_PATH=/opt/intel/composer_xe_2013_sp1.3.174/compiler/lib/intel64:/opt/intel/composer_xe_2013_sp1.3.174/compiler/lib/intel64:/opt/intel/composer_xe_2013_sp1.3.174/compiler/lib/intel64:/opt/intel/composer_xe_2013_sp1.3.174/compiler/lib/intel64:/home/dmarce1/lib:/home/dmarce1/lib
  LOGNAME=dmarce1
  LS_COLORS=rs=0:di=01;34:ln=01;36:mh=00:pi=40;33:so=01;35:do=01;35:bd=40;33;01:cd=40;33;01:or=40;31;01:su=37;41:sg=30;43:ca=30;41:tw=30;42:ow=34;42:st=37;44:ex=01;32:*.tar=01;31:*.tgz=01;31:*.arj=01;31:*.taz=01;31:*.lzh=01;31:*.lzma=01;31:*.tlz=01;31:*.txz=01;31:*.zip=01;31:*.z=01;31:*.Z=01;31:*.dz=01;31:*.gz=01;31:*.lz=01;31:*.xz=01;31:*.bz2=01;31:*.bz=01;31:*.tbz=01;31:*.tbz2=01;31:*.tz=01;31:*.deb=01;31:*.rpm=01;31:*.jar=01;31:*.war=01;31:*.ear=01;31:*.sar=01;31:*.rar=01;31:*.ace=01;31:*.zoo=01;31:*.cpio=01;31:*.7z=01;31:*.rz=01;31:*.jpg=01;35:*.jpeg=01;35:*.gif=01;35:*.bmp=01;35:*.pbm=01;35:*.pgm=01;35:*.ppm=01;35:*.tga=01;35:*.xbm=01;35:*.xpm=01;35:*.tif=01;35:*.tiff=01;35:*.png=01;35:*.svg=01;35:*.svgz=01;35:*.mng=01;35:*.pcx=01;35:*.mov=01;35:*.mpg=01;35:*.mpeg=01;35:*.m2v=01;35:*.mkv=01;35:*.webm=01;35:*.ogm=01;35:*.mp4=01;35:*.m4v=01;35:*.mp4v=01;35:*.vob=01;35:*.qt=01;35:*.nuv=01;35:*.wmv=01;35:*.asf=01;35:*.rm=01;35:*.rmvb=01;35:*.flc=01;35:*.avi=01;35:*.fli=01;35:*.flv=01;35:*.gl=01;35:*.dl=01;35:*.xcf=01;35:*.xwd=01;35:*.yuv=01;35:*.cgm=01;35:*.emf=01;35:*.axv=01;35:*.anx=01;35:*.ogv=01;35:*.ogx=01;35:*.aac=00;36:*.au=00;36:*.flac=00;36:*.mid=00;36:*.midi=00;36:*.mka=00;36:*.mp3=00;36:*.mpc=00;36:*.ogg=00;36:*.ra=00;36:*.wav=00;36:*.axa=00;36:*.oga=00;36:*.spx=00;36:*.xspf=00;36:
  MANDATORY_PATH=/usr/share/gconf/gnome-classic.mandatory.path
  MANPATH=/opt/intel/composer_xe_2013_sp1.3.174/man/en_US:/opt/intel/composer_xe_2013_sp1.3.174/man/en_US:/opt/intel/composer_xe_2013_sp1.3.174/man/en_US:/opt/intel/composer_xe_2013_sp1.3.174/man/en_US:/home/dmarce1/share/man:/usr/local/man:/usr/local/share/man:/usr/share/man::::
  MIC_LD_LIBRARY_PATH=/opt/intel/composer_xe_2013_sp1.3.174/compiler/lib/mic:/opt/intel/composer_xe_2013_sp1.3.174/mpirt/lib/mic:/opt/intel/composer_xe_2013_sp1.3.174/compiler/lib/mic:/opt/intel/composer_xe_2013_sp1.3.174/mpirt/lib/mic:/opt/intel/composer_xe_2013_sp1.3.174/compiler/lib/mic:/opt/intel/composer_xe_2013_sp1.3.174/mpirt/lib/mic:/opt/intel/composer_xe_2013_sp1.3.174/compiler/lib/mic:/opt/intel/composer_xe_2013_sp1.3.174/mpirt/lib/mic
  NLSPATH=/opt/intel/composer_xe_2013_sp1.3.174/compiler/lib/intel64/locale/%l_%t/%N:/opt/intel/composer_xe_2013_sp1.3.174/compiler/lib/intel64/locale/%l_%t/%N:/opt/intel/composer_xe_2013_sp1.3.174/compiler/lib/intel64/locale/%l_%t/%N:/opt/intel/composer_xe_2013_sp1.3.174/compiler/lib/intel64/locale/%l_%t/%N
  OLDPWD=/home/dmarce1/workspace/xtree
  PATH=/opt/intel/composer_xe_2013_sp1.3.174/bin/intel64:/opt/intel/composer_xe_2013_sp1.3.174/mpirt/bin/intel64:/opt/intel/composer_xe_2013_sp1.3.174/bin/intel64:/opt/intel/composer_xe_2013_sp1.3.174/mpirt/bin/intel64:/opt/intel/composer_xe_2013_sp1.3.174/bin/intel64:/opt/intel/composer_xe_2013_sp1.3.174/mpirt/bin/intel64:/opt/intel/composer_xe_2013_sp1.3.174/bin/intel64:/opt/intel/composer_xe_2013_sp1.3.174/mpirt/bin/intel64:/home/dmarce1/bin:/usr/local/sbin:/usr/local/bin:/usr/sbin:/usr/bin:/sbin:/bin:/usr/games:/usr/local/games:/usr/packages/visit2_7_2.linux-x86_64/bin:/usr/packages/visit2_7_2.linux-x86_64/bin
  PKG_CONFIG_PATH=/home/dmarce1/debug/lib/pkgconfig
  PWD=/home/dmarce1/workspace/xtree/debug
  QT4_IM_MODULE=xim
  QT_IM_MODULE=ibus
  QT_QPA_PLATFORMTHEME=appmenu-qt5
  SELINUX_INIT=YES
  SESSION=gnome-classic
  SESSIONTYPE=gnome-session
  SESSION_MANAGER=local/neutrino:@/tmp/.ICE-unix/1518,unix/neutrino:/tmp/.ICE-unix/1518
  SHELL=/bin/bash
  SHLVL=2
  SSH_AGENT_LAUNCHER=upstart
  SSH_AGENT_PID=1463
  SSH_AUTH_SOCK=/run/user/1000/keyring-63HUXd/ssh
  TERM=xterm
  TEXTDOMAIN=im-config
  TEXTDOMAINDIR=/usr/share/locale/
  UBUNTU_MENUPROXY=1
  UPSTART_SESSION=unix:abstract=/com/ubuntu/upstart-session/1000/1251
  USER=dmarce1
  VTE_VERSION=3409
  WINDOWID=41943051
  XAUTHORITY=/home/dmarce1/.Xauthority
  XDG_CONFIG_DIRS=/etc/xdg/xdg-gnome-classic:/usr/share/upstart/xdg:/etc/xdg
  XDG_CURRENT_DESKTOP=GNOME
  XDG_DATA_DIRS=/usr/share/gnome-classic:/usr/share/gnome:/usr/local/share/:/usr/share/
  XDG_GREETER_DATA_DIR=/var/lib/lightdm-data/dmarce1
  XDG_MENU_PREFIX=gnome-
  XDG_RUNTIME_DIR=/run/user/1000
  XDG_SEAT=seat0
  XDG_SEAT_PATH=/org/freedesktop/DisplayManager/Seat0
  XDG_SESSION_ID=c1
  XDG_SESSION_PATH=/org/freedesktop/DisplayManager/Session0
  XDG_VTNR=7
  XMODIFIERS=@im=ibus
  _=./xtree
{locality-id}: 0
{hostname}: 127.0.0.1:0
{process-id}: 5938
{function}: hpx::threads::thread_state hpx::threads::detail::set_thread_state(const thread_id_type&, hpx::threads::thread_state_enum, hpx::threads::thread_state_ex_enum, hpx::threads::thread_priority, std::size_t, hpx::error_code&)
{file}: /home/dmarce1/builds/hpx/hpx/runtime/threads/detail/set_thread_state.hpp
{line}: 178
{os-thread}: 2, worker-thread#2
{thread-id}: 0000000003cd5280
{thread-description}: action0_initialize
{config}:
  HPX_HAVE_NATIVE_TLS=ON
  HPX_HAVE_STACKTRACES=ON
  HPX_HAVE_COMPRESSION_BZIP2=OFF
  HPX_HAVE_COMPRESSION_SNAPPY=OFF
  HPX_HAVE_COMPRESSION_ZLIB=OFF
  HPX_HAVE_PARCEL_COALESCING=ON
  HPX_HAVE_PARCELPORT_IPC=OFF
  HPX_HAVE_PARCELPORT_IBVERBS=OFF
  HPX_HAVE_VERIFY_LOCKS=ON
  HPX_HAVE_HWLOC=OFF
  HPX_HAVE_ITTNOTIFY=OFF
  HPX_LIMIT=5
  HPX_ACTION_ARGUMENT_LIMIT=5
  HPX_COMPONENT_CREATE_ARGUMENT_LIMIT=5
  HPX_FUNCTION_ARGUMENT_LIMIT=8
  HPX_LOCK_LIMIT=5
  HPX_TUPLE_LIMIT=8
  HPX_WAIT_ARGUMENT_LIMIT=5
  HPX_PARCEL_MAX_CONNECTIONS=512
  HPX_PARCEL_MAX_CONNECTIONS_PER_LOCALITY=4
  HPX_INITIAL_AGAS_LOCAL_CACHE_SIZE=256
  HPX_AGAS_LOCAL_CACHE_SIZE_PER_THREAD=32
  HPX_PREFIX=/home/dmarce1/builds/hpx_debug:/home/dmarce1/debug
{version}: V0.9.9-trunk (AGAS: V3.0), Git: d7afbaec782672ef334bdb6fd249125be15bb8ec
{boost}: V1.55.0
{build-type}: debug
{date}: Aug 18 2014 15:27:37
{platform}: linux
{compiler}: GNU C++ version 4.8.2
{stdlib}: GNU libstdc++ version 20140404
{what}: assertion 'false' failed: HPX(assertion_failure)

