(T00000000/00000000027c47e0.----/----------------) P--------/----------------.---- 23:56.39.772 [0000000000000001]  <always> [ERR] default_errorsink: unhandled exception: 
{stack-trace}: 4 frames:
0x7f18acc71e62  : hpx::detail::backtrace(unsigned long) + 0xa2 in /home/dmarce1/lib/libhpx.so.0
0x7f18acc94c21  : boost::exception_ptr hpx::detail::get_exception<hpx::exception>(hpx::exception const&, std::string const&, std::string const&, long, std::string const&) + 0x281 in /home/dmarce1/lib/libhpx.so.0
0x7f18acc9525f  : void hpx::detail::throw_exception<hpx::exception>(hpx::exception const&, std::string const&, std::string const&, long) + 0x4f in /home/dmarce1/lib/libhpx.so.0
0x456365        : ??? + 0x456365 in ./xtree
{env}: 107 entries:
  CLUTTER_IM_MODULE=xim
  COLORTERM=gnome-terminal
  CPLUS_INCLUDE_PATH=/home/dmarce1/include:
  DBUS_SESSION_BUS_ADDRESS=unix:abstract=/tmp/dbus-3TkfrXwfeo
  DEFAULTS_PATH=/usr/share/gconf/gnome-classic.default.path
  DESKTOP_SESSION=gnome-classic
  DISPLAY=:0
  GDBSERVER_MIC=/opt/intel/composer_xe_2015.0.090/debugger/gdb/target/mic/bin/gdbserver
  GDB_CROSS=/opt/intel/composer_xe_2015.0.090/debugger/gdb/intel64_mic/bin/gdb-mic
  GDMSESSION=gnome-classic
  GDM_LANG=en_US
  GNOME_DESKTOP_SESSION_ID=this-is-deprecated
  GNOME_KEYRING_CONTROL=/run/user/1000/keyring-KS0o6g
  GPG_AGENT_INFO=/run/user/1000/keyring-KS0o6g/gpg:0:1
  GTK_IM_MODULE=ibus
  GTK_MODULES=overlay-scrollbar:unity-gtk-module
  HOME=/home/dmarce1
  IM_CONFIG_PHASE=1
  INFOPATH=/opt/intel/composer_xe_2015.0.090/debugger/gdb/intel64/share/info/:/opt/intel/composer_xe_2015.0.090/debugger/gdb/intel64_mic/share/info/
  INSTANCE=GNOME
  INTEL_LICENSE_FILE=/opt/intel/composer_xe_2015.0.090/licenses:/opt/intel/licenses:/home/dmarce1/intel/licenses
  INTEL_PYTHONHOME=/opt/intel/composer_xe_2015.0.090/debugger/python/intel64/
  JOB=gnome-session
  LANG=en_US.UTF-8
  LANGUAGE=en_US
  LD_LIBRARY_PATH=/opt/intel/composer_xe_2015.0.090/compiler/lib/intel64:/opt/intel/composer_xe_2015.0.090/mpirt/lib/intel64:/home/dmarce1/lib:/home/dmarce1/lib64:
  LIBRARY_PATH=/opt/intel/composer_xe_2015.0.090/compiler/lib/intel64:/home/dmarce1/lib:
  LOGNAME=dmarce1
  MANDATORY_PATH=/usr/share/gconf/gnome-classic.mandatory.path
  MANPATH=/opt/intel/composer_xe_2015.0.090/man/en_US:/opt/intel/composer_xe_2015.0.090/debugger/gdb/intel64/share/man/:/opt/intel/composer_xe_2015.0.090/debugger/gdb/intel64_mic/share/man/:
  MIC_LD_LIBRARY_PATH=/opt/intel/composer_xe_2015.0.090/compiler/lib/mic:/opt/intel/composer_xe_2015.0.090/mpirt/lib/mic
  MIC_LIBRARY_PATH=/opt/intel/composer_xe_2015.0.090/compiler/lib/mic:/opt/intel/composer_xe_2015.0.090/mpirt/lib/mic
  MPM_LAUNCHER=/opt/intel/composer_xe_2015.0.090/debugger/mpm/bin/start_mpm.sh
  NLSPATH=/opt/intel/composer_xe_2015.0.090/compiler/lib/intel64/locale/%l_%t/%N:/opt/intel/composer_xe_2015.0.090/debugger/gdb/intel64_mic/share/locale/%l_%t/%N:/opt/intel/composer_xe_2015.0.090/debugger/gdb/intel64/share/locale/%l_%t/%N
  OLDPWD=/home/dmarce1/workspace/xtree
  OMPI_APP_CTX_NUM_PROCS=2
  OMPI_ARGV=-t4
  OMPI_COMMAND=xtree
  OMPI_COMM_WORLD_LOCAL_RANK=0
  OMPI_COMM_WORLD_LOCAL_SIZE=2
  OMPI_COMM_WORLD_NODE_RANK=0
  OMPI_COMM_WORLD_RANK=0
  OMPI_COMM_WORLD_SIZE=2
  OMPI_FILE_LOCATION=/tmp/openmpi-sessions-dmarce1@neutrino_0/15926/1/0
  OMPI_FIRST_RANKS=0
  OMPI_MCA_db=^pmi
  OMPI_MCA_ess=env
  OMPI_MCA_ess_base_jobid=1043726337
  OMPI_MCA_ess_base_vpid=0
  OMPI_MCA_grpcomm=^pmi
  OMPI_MCA_initial_wdir=/home/dmarce1/workspace/xtree/release
  OMPI_MCA_mpi_yield_when_idle=0
  OMPI_MCA_orte_app_num=0
  OMPI_MCA_orte_bound_at_launch=1
  OMPI_MCA_orte_ess_node_rank=0
  OMPI_MCA_orte_ess_num_procs=2
  OMPI_MCA_orte_hnp_uri=1043726336.0;tcp://192.168.1.102:59897
  OMPI_MCA_orte_local_daemon_uri=1043726336.0;tcp://192.168.1.102:59897
  OMPI_MCA_orte_num_nodes=1
  OMPI_MCA_orte_num_restarts=0
  OMPI_MCA_orte_peer_fini_barrier_id=2
  OMPI_MCA_orte_peer_init_barrier_id=1
  OMPI_MCA_orte_peer_modex_id=0
  OMPI_MCA_orte_precondition_transports=4d5ab9b9a009b245-1804dc9517a7c2c5
  OMPI_MCA_orte_tmpdir_base=/tmp
  OMPI_MCA_pubsub=^pmi
  OMPI_MCA_shmem_RUNTIME_QUERY_hint=mmap
  OMPI_NUM_APP_CTX=1
  OMPI_UNIVERSE_SIZE=1
  OPAL_OUTPUT_STDERR_FD=21
  PATH=/opt/intel/composer_xe_2015.0.090/bin/intel64:/opt/intel/composer_xe_2015.0.090/mpirt/bin/intel64:/opt/intel/composer_xe_2015.0.090/debugger/gdb/intel64_mic/bin:/home/dmarce1/bin:/home/dmarce1/bin:/usr/local/sbin:/usr/local/bin:/usr/sbin:/usr/bin:/sbin:/bin:/usr/games:/usr/local/games
  PKG_CONFIG_PATH=/home/dmarce1/lib/pkgconfig
  PWD=/home/dmarce1/workspace/xtree/release
  QT4_IM_MODULE=xim
  QT_IM_MODULE=ibus
  QT_QPA_PLATFORMTHEME=appmenu-qt5
  SELINUX_INIT=YES
  SESSIONTYPE=gnome-session
  SHELL=/bin/bash
  SHLVL=1
  SSH_AGENT_LAUNCHER=upstart
  SSH_AGENT_PID=1380
  SSH_AUTH_SOCK=/run/user/1000/keyring-KS0o6g/ssh
  TERM=xterm
  TEXTDOMAIN=im-config
  TEXTDOMAINDIR=/usr/share/locale/
  UBUNTU_MENUPROXY=1
  UPSTART_EVENTS=started starting
  UPSTART_INSTANCE=
  UPSTART_JOB=gnome-settings-daemon
  UPSTART_SESSION=unix:abstract=/com/ubuntu/upstart-session/1000/1269
  USER=dmarce1
  VTE_VERSION=3409
  WINDOWID=31457292
  XAUTHORITY=/home/dmarce1/.Xauthority
  XDG_CONFIG_DIRS=/etc/xdg/xdg-gnome-classic:/usr/share/upstart/xdg:/etc/xdg
  XDG_CURRENT_DESKTOP=GNOME
  XDG_DATA_DIRS=/usr/share/gnome-classic:/usr/share/gnome:/usr/local/share/:/usr/share/
  XDG_GREETER_DATA_DIR=/var/lib/lightdm-data/dmarce1
  XDG_RUNTIME_DIR=/run/user/1000
  XDG_SEAT=seat0
  XDG_SEAT_PATH=/org/freedesktop/DisplayManager/Seat0
  XDG_SESSION_ID=c1
  XDG_SESSION_PATH=/org/freedesktop/DisplayManager/Session0
  XDG_VTNR=7
  XMODIFIERS=@im=ibus
  _=/usr/bin/mpirun
{locality-id}: 0
{hostname}: 127.0.0.1:7910:0
{process-id}: 4167
{function}: mutex::unlock
{file}: /home/dmarce1/include/hpx/lcos/local/mutex.hpp
{line}: 165
{os-thread}: 2, worker-thread#2
{thread-id}: 0000000011e3a240
{thread-description}: <unknown>
{state}: running
{auxinfo}: 
{config}:
  HPX_HAVE_NATIVE_TLS=ON
  HPX_HAVE_STACKTRACES=ON
  HPX_HAVE_COMPRESSION_BZIP2=OFF
  HPX_HAVE_COMPRESSION_SNAPPY=OFF
  HPX_HAVE_COMPRESSION_ZLIB=OFF
  HPX_HAVE_PARCEL_COALESCING=ON
  HPX_PARCELPORT_IPC=OFF
  HPX_PARCELPORT_IBVERBS=OFF
  HPX_HAVE_VERIFY_LOCKS=OFF
  HPX_HAVE_HWLOC=ON
  HPX_HAVE_ITTNOTIFY=OFF
  HPX_LIMIT=5
  HPX_ACTION_ARGUMENT_LIMIT=5
  HPX_COMPONENT_CREATE_ARGUMENT_LIMIT=5
  HPX_FUNCTION_ARGUMENT_LIMIT=8
  HPX_LOCK_LIMIT=5
  HPX_TUPLE_LIMIT=8
  HPX_WAIT_ARGUMENT_LIMIT=5
  HPX_PARCEL_MAX_CONNECTIONS=512
  HPX_PARCEL_MAX_CONNECTIONS_PER_LOCALITY=4
  HPX_INITIAL_AGAS_LOCAL_CACHE_SIZE=256
  HPX_AGAS_LOCAL_CACHE_SIZE_PER_THREAD=32
  HPX_PREFIX (configured)=/home/dmarce1/builds/hpx_build
  HPX_PREFIX=/home/dmarce1
{version}: V0.9.10-trunk (AGAS: V3.0), Git: ed25b97ebba262ab43481523c9e503f3aea453d6
{boost}: V1.56.0
{build-type}: release
{date}: Oct  8 2014 21:51:57
{platform}: linux
{compiler}: GNU C++ version 4.9.1
{stdlib}: GNU libstdc++ version 20140728
{what}: The calling thread does not own the mutex: HPX(lock_error): : 

(T00000001/000000001b0be480.----/----------------) P--------/----------------.---- 23:56.39.770 [0000000000000001]  <always> [ERR] default_errorsink: unhandled exception: 
{stack-trace}: 4 frames:
0x7f18acc71e62  : hpx::detail::backtrace(unsigned long) + 0xa2 in /home/dmarce1/lib/libhpx.so.0
0x7f18acc94c21  : boost::exception_ptr hpx::detail::get_exception<hpx::exception>(hpx::exception const&, std::string const&, std::string const&, long, std::string const&) + 0x281 in /home/dmarce1/lib/libhpx.so.0
0x7f18acc9525f  : void hpx::detail::throw_exception<hpx::exception>(hpx::exception const&, std::string const&, std::string const&, long) + 0x4f in /home/dmarce1/lib/libhpx.so.0
0x456365        : ??? + 0x456365 in ./xtree
{env}: 107 entries:
  CLUTTER_IM_MODULE=xim
  COLORTERM=gnome-terminal
  CPLUS_INCLUDE_PATH=/home/dmarce1/include:
  DBUS_SESSION_BUS_ADDRESS=unix:abstract=/tmp/dbus-3TkfrXwfeo
  DEFAULTS_PATH=/usr/share/gconf/gnome-classic.default.path
  DESKTOP_SESSION=gnome-classic
  DISPLAY=:0
  GDBSERVER_MIC=/opt/intel/composer_xe_2015.0.090/debugger/gdb/target/mic/bin/gdbserver
  GDB_CROSS=/opt/intel/composer_xe_2015.0.090/debugger/gdb/intel64_mic/bin/gdb-mic
  GDMSESSION=gnome-classic
  GDM_LANG=en_US
  GNOME_DESKTOP_SESSION_ID=this-is-deprecated
  GNOME_KEYRING_CONTROL=/run/user/1000/keyring-KS0o6g
  GPG_AGENT_INFO=/run/user/1000/keyring-KS0o6g/gpg:0:1
  GTK_IM_MODULE=ibus
  GTK_MODULES=overlay-scrollbar:unity-gtk-module
  HOME=/home/dmarce1
  IM_CONFIG_PHASE=1
  INFOPATH=/opt/intel/composer_xe_2015.0.090/debugger/gdb/intel64/share/info/:/opt/intel/composer_xe_2015.0.090/debugger/gdb/intel64_mic/share/info/
  INSTANCE=GNOME
  INTEL_LICENSE_FILE=/opt/intel/composer_xe_2015.0.090/licenses:/opt/intel/licenses:/home/dmarce1/intel/licenses
  INTEL_PYTHONHOME=/opt/intel/composer_xe_2015.0.090/debugger/python/intel64/
  JOB=gnome-session
  LANG=en_US.UTF-8
  LANGUAGE=en_US
  LD_LIBRARY_PATH=/opt/intel/composer_xe_2015.0.090/compiler/lib/intel64:/opt/intel/composer_xe_2015.0.090/mpirt/lib/intel64:/home/dmarce1/lib:/home/dmarce1/lib64:
  LIBRARY_PATH=/opt/intel/composer_xe_2015.0.090/compiler/lib/intel64:/home/dmarce1/lib:
  LOGNAME=dmarce1
  MANDATORY_PATH=/usr/share/gconf/gnome-classic.mandatory.path
  MANPATH=/opt/intel/composer_xe_2015.0.090/man/en_US:/opt/intel/composer_xe_2015.0.090/debugger/gdb/intel64/share/man/:/opt/intel/composer_xe_2015.0.090/debugger/gdb/intel64_mic/share/man/:
  MIC_LD_LIBRARY_PATH=/opt/intel/composer_xe_2015.0.090/compiler/lib/mic:/opt/intel/composer_xe_2015.0.090/mpirt/lib/mic
  MIC_LIBRARY_PATH=/opt/intel/composer_xe_2015.0.090/compiler/lib/mic:/opt/intel/composer_xe_2015.0.090/mpirt/lib/mic
  MPM_LAUNCHER=/opt/intel/composer_xe_2015.0.090/debugger/mpm/bin/start_mpm.sh
  NLSPATH=/opt/intel/composer_xe_2015.0.090/compiler/lib/intel64/locale/%l_%t/%N:/opt/intel/composer_xe_2015.0.090/debugger/gdb/intel64_mic/share/locale/%l_%t/%N:/opt/intel/composer_xe_2015.0.090/debugger/gdb/intel64/share/locale/%l_%t/%N
  OLDPWD=/home/dmarce1/workspace/xtree
  OMPI_APP_CTX_NUM_PROCS=2
  OMPI_ARGV=-t4
  OMPI_COMMAND=xtree
  OMPI_COMM_WORLD_LOCAL_RANK=0
  OMPI_COMM_WORLD_LOCAL_SIZE=2
  OMPI_COMM_WORLD_NODE_RANK=0
  OMPI_COMM_WORLD_RANK=0
  OMPI_COMM_WORLD_SIZE=2
  OMPI_FILE_LOCATION=/tmp/openmpi-sessions-dmarce1@neutrino_0/15926/1/0
  OMPI_FIRST_RANKS=0
  OMPI_MCA_db=^pmi
  OMPI_MCA_ess=env
  OMPI_MCA_ess_base_jobid=1043726337
  OMPI_MCA_ess_base_vpid=0
  OMPI_MCA_grpcomm=^pmi
  OMPI_MCA_initial_wdir=/home/dmarce1/workspace/xtree/release
  OMPI_MCA_mpi_yield_when_idle=0
  OMPI_MCA_orte_app_num=0
  OMPI_MCA_orte_bound_at_launch=1
  OMPI_MCA_orte_ess_node_rank=0
  OMPI_MCA_orte_ess_num_procs=2
  OMPI_MCA_orte_hnp_uri=1043726336.0;tcp://192.168.1.102:59897
  OMPI_MCA_orte_local_daemon_uri=1043726336.0;tcp://192.168.1.102:59897
  OMPI_MCA_orte_num_nodes=1
  OMPI_MCA_orte_num_restarts=0
  OMPI_MCA_orte_peer_fini_barrier_id=2
  OMPI_MCA_orte_peer_init_barrier_id=1
  OMPI_MCA_orte_peer_modex_id=0
  OMPI_MCA_orte_precondition_transports=4d5ab9b9a009b245-1804dc9517a7c2c5
  OMPI_MCA_orte_tmpdir_base=/tmp
  OMPI_MCA_pubsub=^pmi
  OMPI_MCA_shmem_RUNTIME_QUERY_hint=mmap
  OMPI_NUM_APP_CTX=1
  OMPI_UNIVERSE_SIZE=1
  OPAL_OUTPUT_STDERR_FD=21
  PATH=/opt/intel/composer_xe_2015.0.090/bin/intel64:/opt/intel/composer_xe_2015.0.090/mpirt/bin/intel64:/opt/intel/composer_xe_2015.0.090/debugger/gdb/intel64_mic/bin:/home/dmarce1/bin:/home/dmarce1/bin:/usr/local/sbin:/usr/local/bin:/usr/sbin:/usr/bin:/sbin:/bin:/usr/games:/usr/local/games
  PKG_CONFIG_PATH=/home/dmarce1/lib/pkgconfig
  PWD=/home/dmarce1/workspace/xtree/release
  QT4_IM_MODULE=xim
  QT_IM_MODULE=ibus
  QT_QPA_PLATFORMTHEME=appmenu-qt5
  SELINUX_INIT=YES
  SESSIONTYPE=gnome-session
  SHELL=/bin/bash
  SHLVL=1
  SSH_AGENT_LAUNCHER=upstart
  SSH_AGENT_PID=1380
  SSH_AUTH_SOCK=/run/user/1000/keyring-KS0o6g/ssh
  TERM=xterm
  TEXTDOMAIN=im-config
  TEXTDOMAINDIR=/usr/share/locale/
  UBUNTU_MENUPROXY=1
  UPSTART_EVENTS=started starting
  UPSTART_INSTANCE=
  UPSTART_JOB=gnome-settings-daemon
  UPSTART_SESSION=unix:abstract=/com/ubuntu/upstart-session/1000/1269
  USER=dmarce1
  VTE_VERSION=3409
  WINDOWID=31457292
  XAUTHORITY=/home/dmarce1/.Xauthority
  XDG_CONFIG_DIRS=/etc/xdg/xdg-gnome-classic:/usr/share/upstart/xdg:/etc/xdg
  XDG_CURRENT_DESKTOP=GNOME
  XDG_DATA_DIRS=/usr/share/gnome-classic:/usr/share/gnome:/usr/local/share/:/usr/share/
  XDG_GREETER_DATA_DIR=/var/lib/lightdm-data/dmarce1
  XDG_RUNTIME_DIR=/run/user/1000
  XDG_SEAT=seat0
  XDG_SEAT_PATH=/org/freedesktop/DisplayManager/Seat0
  XDG_SESSION_ID=c1
  XDG_SESSION_PATH=/org/freedesktop/DisplayManager/Session0
  XDG_VTNR=7
  XMODIFIERS=@im=ibus
  _=/usr/bin/mpirun
{locality-id}: 0
{hostname}: 127.0.0.1:7910:0
{process-id}: 4167
{function}: mutex::unlock
{file}: /home/dmarce1/include/hpx/lcos/local/mutex.hpp
{line}: 165
{os-thread}: 2, worker-thread#1
{thread-id}: 0000000011e3a240
{thread-description}: <unknown>
{state}: running
{auxinfo}: 
{config}:
  HPX_HAVE_NATIVE_TLS=ON
  HPX_HAVE_STACKTRACES=ON
  HPX_HAVE_COMPRESSION_BZIP2=OFF
  HPX_HAVE_COMPRESSION_SNAPPY=OFF
  HPX_HAVE_COMPRESSION_ZLIB=OFF
  HPX_HAVE_PARCEL_COALESCING=ON
  HPX_PARCELPORT_IPC=OFF
  HPX_PARCELPORT_IBVERBS=OFF
  HPX_HAVE_VERIFY_LOCKS=OFF
  HPX_HAVE_HWLOC=ON
  HPX_HAVE_ITTNOTIFY=OFF
  HPX_LIMIT=5
  HPX_ACTION_ARGUMENT_LIMIT=5
  HPX_COMPONENT_CREATE_ARGUMENT_LIMIT=5
  HPX_FUNCTION_ARGUMENT_LIMIT=8
  HPX_LOCK_LIMIT=5
  HPX_TUPLE_LIMIT=8
  HPX_WAIT_ARGUMENT_LIMIT=5
  HPX_PARCEL_MAX_CONNECTIONS=512
  HPX_PARCEL_MAX_CONNECTIONS_PER_LOCALITY=4
  HPX_INITIAL_AGAS_LOCAL_CACHE_SIZE=256
  HPX_AGAS_LOCAL_CACHE_SIZE_PER_THREAD=32
  HPX_PREFIX (configured)=/home/dmarce1/builds/hpx_build
  HPX_PREFIX=/home/dmarce1
{version}: V0.9.10-trunk (AGAS: V3.0), Git: ed25b97ebba262ab43481523c9e503f3aea453d6
{boost}: V1.56.0
{build-type}: release
{date}: Oct  8 2014 21:51:57
{platform}: linux
{compiler}: GNU C++ version 4.9.1
{stdlib}: GNU libstdc++ version 20140728
{what}: The calling thread does not own the mutex: HPX(lock_error): 

